createTicket.c(64): Price ticket of First class - 1 -$ 1485(Denver - Sydney)
createTicket.c(64): Price ticket of First class - 2 -$ 1323(Denver - Sydney)
createTicket.c(64): Price ticket of First class - 3 -$ 1404(Denver - Sydney)
createTicket.c(64): Price ticket of First class - 4 -$ 1215(Denver - Sydney)
createTicket.c(64): Price ticket of Business class - 1 -$ 1148(Denver - Sydney)
createTicket.c(64): Price ticket of Business class - 2 -$ 1023(Denver - Sydney)
createTicket.c(64): Price ticket of Business class - 3 -$ 1085(Denver - Sydney)
createTicket.c(64): Price ticket of Business class - 4 -$ 939(Denver - Sydney)
createTicket.c(64): Price ticket of Coach class - 1 -$ 792(Denver - Sydney)
createTicket.c(64): Price ticket of Coach class - 2 -$ 705(Denver - Sydney)
createTicket.c(64): Price ticket of Coach class - 3 -$ 748(Denver - Sydney)
createTicket.c(64): Price ticket of Coach class - 4 -$ 648(Denver - Sydney)
createTicket.c(64): Price ticket of First class - 1 -$ 1041(London - Portland)
createTicket.c(64): Price ticket of First class - 2 -$ 927(London - Portland)
createTicket.c(64): Price ticket of First class - 3 -$ 984(London - Portland)
createTicket.c(64): Price ticket of First class - 4 -$ 852(London - Portland)
createTicket.c(64): Price ticket of Business class - 1 -$ 805(London - Portland)
createTicket.c(64): Price ticket of Business class - 2 -$ 717(London - Portland)
createTicket.c(64): Price ticket of Business class - 3 -$ 761(London - Portland)
createTicket.c(64): Price ticket of Business class - 4 -$ 659(London - Portland)
createTicket.c(64): Price ticket of Coach class - 1 -$ 555(London - Portland)
createTicket.c(64): Price ticket of Coach class - 2 -$ 494(London - Portland)
createTicket.c(64): Price ticket of Coach class - 3 -$ 525(London - Portland)
createTicket.c(64): Price ticket of Coach class - 4 -$ 454(London - Portland)
createTicket.c(135): Ticket creation completed!
createTicket.c(136): Price ticket 454, Coach class, departed : London, arrive : Portland, Passenger : Andrei Pop.
